[0mCompiling "resources/public/js/compiled/timjs26.js" from ["src"]...
notifying browser that file changed:  resources/public/js/compiled/out/goog/deps.js
notifying browser that file changed:  resources/public/js/compiled/out/cljs_deps.js
notifying browser that file changed:  out/timjs26/core.js
[32mSuccessfully compiled "resources/public/js/compiled/timjs26.js" in 0.308 seconds.[0m
[0mCompiling "resources/public/js/compiled/timjs26.js" from ["src"]...
notifying browser that file changed:  out/timjs26/core.js
[32mSuccessfully compiled "resources/public/js/compiled/timjs26.js" in 0.154 seconds.[0m
[0mCompiling "resources/public/js/compiled/timjs26.js" from ["src"]...
notifying browser that file changed:  out/timjs26/core.js
[32mSuccessfully compiled "resources/public/js/compiled/timjs26.js" in 0.166 seconds.[0m
[0mCompiling "resources/public/js/compiled/timjs26.js" from ["src"]...
notifying browser that file changed:  out/timjs26/core.js
[32mSuccessfully compiled "resources/public/js/compiled/timjs26.js" in 0.139 seconds.[0m
[0mCompiling "resources/public/js/compiled/timjs26.js" from ["src"]...
notifying browser that file changed:  out/timjs26/core.js
[32mSuccessfully compiled "resources/public/js/compiled/timjs26.js" in 0.197 seconds.[0m
[0mCompiling "resources/public/js/compiled/timjs26.js" from ["src"]...
WARNING: Use of undeclared Var timjs26.core/clj-js at line 26 /Users/danbunea/Projects/timjs26/src/timjs26/core.cljs
WARNING: Use of undeclared Var timjs26.core/model at line 26 /Users/danbunea/Projects/timjs26/src/timjs26/core.cljs
notifying browser that file changed:  out/timjs26/core.js
[32mSuccessfully compiled "resources/public/js/compiled/timjs26.js" in 0.239 seconds.[0m
[0mCompiling "resources/public/js/compiled/timjs26.js" from ["src"]...
WARNING: Use of undeclared Var timjs26.core/clj-js at line 26 /Users/danbunea/Projects/timjs26/src/timjs26/core.cljs
notifying browser that file changed:  out/timjs26/core.js
[32mSuccessfully compiled "resources/public/js/compiled/timjs26.js" in 0.161 seconds.[0m
[0mCompiling "resources/public/js/compiled/timjs26.js" from ["src"]...
notifying browser that file changed:  out/timjs26/core.js
[32mSuccessfully compiled "resources/public/js/compiled/timjs26.js" in 0.196 seconds.[0m
[0mCompiling "resources/public/js/compiled/timjs26.js" from ["src"]...
notifying browser that file changed:  out/timjs26/core.js
[32mSuccessfully compiled "resources/public/js/compiled/timjs26.js" in 0.276 seconds.[0m
[0mCompiling "resources/public/js/compiled/timjs26.js" from ["src"]...
WARNING: Use of undeclared Var timjs26.core/clj-js at line 26 /Users/danbunea/Projects/timjs26/src/timjs26/core.cljs
notifying browser that file changed:  out/timjs26/core.js
[32mSuccessfully compiled "resources/public/js/compiled/timjs26.js" in 0.31 seconds.[0m
[0mCompiling "resources/public/js/compiled/timjs26.js" from ["src"]...
notifying browser that file changed:  out/timjs26/core.js
[32mSuccessfully compiled "resources/public/js/compiled/timjs26.js" in 0.158 seconds.[0m
[0mCompiling "resources/public/js/compiled/timjs26.js" from ["src"]...
[31mCompiling "resources/public/js/compiled/timjs26.js" failed.
[0mjava.lang.AssertionError: No ns form found in src/timjs26/untitled.cljs
 at cljs.analyzer$parse_ns$fn__1924.invoke (analyzer.cljc:2731)
    cljs.analyzer$parse_ns.invoke (analyzer.cljc:2682)
    cljs.analyzer$parse_ns.invoke (analyzer.cljc:2673)
    cljs.compiler$find_source.invoke (compiler.cljc:1389)
    clojure.core$map$fn__4553.invoke (core.clj:2624)
    clojure.lang.LazySeq.sval (LazySeq.java:40)
    clojure.lang.LazySeq.seq (LazySeq.java:49)
    clojure.lang.Cons.next (Cons.java:39)
    clojure.lang.RT.next (RT.java:674)
    clojure.core/next (core.clj:64)
    clojure.core$reduce1.invoke (core.clj:909)
    clojure.core$set.invoke (core.clj:3960)
    cljs.closure$add_dependency_sources.invoke (closure.clj:731)
    cljs.closure$build.invoke (closure.clj:1807)
    cljs.build.api$build.invoke (api.clj:207)
    figwheel_sidecar.components.cljs_autobuild$cljs_build.invoke (cljs_autobuild.clj:24)
    figwheel_sidecar.build_middleware.injection$hook$fn__15892.invoke (injection.clj:139)
    figwheel_sidecar.build_middleware.notifications$hook$fn__16219.invoke (notifications.clj:187)
    figwheel_sidecar.build_middleware.clj_reloading$hook$fn__16295.invoke (clj_reloading.clj:115)
    figwheel_sidecar.build_middleware.javascript_reloading$hook$fn__16341.invoke (javascript_reloading.clj:60)
    figwheel_sidecar.components.cljs_autobuild$eval16356$figwheel_start_and_end_messages__16359$fn__16361.invoke (cljs_autobuild.clj:47)
    figwheel_sidecar.components.cljs_autobuild$execute_build$fn__16382$fn__16383.invoke (cljs_autobuild.clj:116)
    figwheel_sidecar.components.cljs_autobuild$execute_build$fn__16382.invoke (cljs_autobuild.clj:114)
    figwheel_sidecar.utils$sync_exec$fn__1973$fn__1974.invoke (utils.clj:13)
    figwheel_sidecar.utils$sync_exec$fn__1973.invoke (utils.clj:12)
    clojure.core$binding_conveyor_fn$fn__4444.invoke (core.clj:1919)
    clojure.lang.AFn.applyToHelper (AFn.java:154)
    clojure.lang.RestFn.applyTo (RestFn.java:132)
    clojure.lang.Agent$Action.doRun (Agent.java:114)
    clojure.lang.Agent$Action.run (Agent.java:163)
[32mSuccessfully compiled "resources/public/js/compiled/timjs26.js" in 0.039 seconds.[0m
[0mCompiling "resources/public/js/compiled/timjs26.js" from ["src"]...
[32mSuccessfully compiled "resources/public/js/compiled/timjs26.js" in 0.217 seconds.[0m
[0mCompiling "resources/public/js/compiled/timjs26.js" from ["src"]...
[32mSuccessfully compiled "resources/public/js/compiled/timjs26.js" in 0.172 seconds.[0m
[0mCompiling "resources/public/js/compiled/timjs26.js" from ["src"]...
notifying browser that file changed:  out/timjs26/core.js
[32mSuccessfully compiled "resources/public/js/compiled/timjs26.js" in 0.206 seconds.[0m
[0mCompiling "resources/public/js/compiled/timjs26.js" from ["src"]...
[32mSuccessfully compiled "resources/public/js/compiled/timjs26.js" in 0.187 seconds.[0m
[0mCompiling "resources/public/js/compiled/timjs26.js" from ["src"]...
notifying browser that file changed:  out/timjs26/core.js
[32mSuccessfully compiled "resources/public/js/compiled/timjs26.js" in 0.204 seconds.[0m
[0mCompiling "resources/public/js/compiled/timjs26.js" from ["src"]...
notifying browser that file changed:  out/timjs26/core.js
[32mSuccessfully compiled "resources/public/js/compiled/timjs26.js" in 0.139 seconds.[0m
[0mCompiling "resources/public/js/compiled/timjs26.js" from ["src"]...
[31mCompiling "resources/public/js/compiled/timjs26.js" failed.
[0mjava.lang.AssertionError: No ns form found in src/timjs26/untitled.cljs
 at cljs.analyzer$parse_ns$fn__1924.invoke (analyzer.cljc:2731)
    cljs.analyzer$parse_ns.invoke (analyzer.cljc:2682)
    cljs.analyzer$parse_ns.invoke (analyzer.cljc:2673)
    cljs.compiler$find_source.invoke (compiler.cljc:1389)
    clojure.core$map$fn__4553.invoke (core.clj:2624)
    clojure.lang.LazySeq.sval (LazySeq.java:40)
    clojure.lang.LazySeq.seq (LazySeq.java:49)
    clojure.lang.Cons.next (Cons.java:39)
    clojure.lang.RT.next (RT.java:674)
    clojure.core/next (core.clj:64)
    clojure.core$reduce1.invoke (core.clj:909)
    clojure.core$set.invoke (core.clj:3960)
    cljs.closure$add_dependency_sources.invoke (closure.clj:731)
    cljs.closure$build.invoke (closure.clj:1807)
    cljs.build.api$build.invoke (api.clj:207)
    figwheel_sidecar.components.cljs_autobuild$cljs_build.invoke (cljs_autobuild.clj:24)
    figwheel_sidecar.build_middleware.injection$hook$fn__15892.invoke (injection.clj:139)
    figwheel_sidecar.build_middleware.notifications$hook$fn__16219.invoke (notifications.clj:187)
    figwheel_sidecar.build_middleware.clj_reloading$hook$fn__16295.invoke (clj_reloading.clj:115)
    figwheel_sidecar.build_middleware.javascript_reloading$hook$fn__16341.invoke (javascript_reloading.clj:60)
    figwheel_sidecar.components.cljs_autobuild$eval16356$figwheel_start_and_end_messages__16359$fn__16361.invoke (cljs_autobuild.clj:47)
    figwheel_sidecar.components.cljs_autobuild$execute_build$fn__16382$fn__16383.invoke (cljs_autobuild.clj:116)
    figwheel_sidecar.components.cljs_autobuild$execute_build$fn__16382.invoke (cljs_autobuild.clj:114)
    figwheel_sidecar.utils$sync_exec$fn__1973$fn__1974.invoke (utils.clj:13)
    figwheel_sidecar.utils$sync_exec$fn__1973.invoke (utils.clj:12)
    clojure.core$binding_conveyor_fn$fn__4444.invoke (core.clj:1919)
    clojure.lang.AFn.applyToHelper (AFn.java:154)
    clojure.lang.RestFn.applyTo (RestFn.java:132)
    clojure.lang.Agent$Action.doRun (Agent.java:114)
    clojure.lang.Agent$Action.run (Agent.java:163)
[32mSuccessfully compiled "resources/public/js/compiled/timjs26.js" in 0.039 seconds.[0m
[0mCompiling "resources/public/js/compiled/timjs26.js" from ["src"]...
[32mSuccessfully compiled "resources/public/js/compiled/timjs26.js" in 0.131 seconds.[0m
[0mCompiling "resources/public/js/compiled/timjs26.js" from ["src"]...
[31mCompiling "resources/public/js/compiled/timjs26.js" failed.
[0mjava.lang.AssertionError: No ns form found in src/timjs26/untitled.cljs
 at cljs.analyzer$parse_ns$fn__1924.invoke (analyzer.cljc:2731)
    cljs.analyzer$parse_ns.invoke (analyzer.cljc:2682)
    cljs.analyzer$parse_ns.invoke (analyzer.cljc:2673)
    cljs.compiler$find_source.invoke (compiler.cljc:1389)
    clojure.core$map$fn__4553.invoke (core.clj:2624)
    clojure.lang.LazySeq.sval (LazySeq.java:40)
    clojure.lang.LazySeq.seq (LazySeq.java:49)
    clojure.lang.Cons.next (Cons.java:39)
    clojure.lang.RT.next (RT.java:674)
    clojure.core/next (core.clj:64)
    clojure.core$reduce1.invoke (core.clj:909)
    clojure.core$set.invoke (core.clj:3960)
    cljs.closure$add_dependency_sources.invoke (closure.clj:731)
    cljs.closure$build.invoke (closure.clj:1807)
    cljs.build.api$build.invoke (api.clj:207)
    figwheel_sidecar.components.cljs_autobuild$cljs_build.invoke (cljs_autobuild.clj:24)
    figwheel_sidecar.build_middleware.injection$hook$fn__15892.invoke (injection.clj:139)
    figwheel_sidecar.build_middleware.notifications$hook$fn__16219.invoke (notifications.clj:187)
    figwheel_sidecar.build_middleware.clj_reloading$hook$fn__16295.invoke (clj_reloading.clj:115)
    figwheel_sidecar.build_middleware.javascript_reloading$hook$fn__16341.invoke (javascript_reloading.clj:60)
    figwheel_sidecar.components.cljs_autobuild$eval16356$figwheel_start_and_end_messages__16359$fn__16361.invoke (cljs_autobuild.clj:47)
    figwheel_sidecar.components.cljs_autobuild$execute_build$fn__16382$fn__16383.invoke (cljs_autobuild.clj:116)
    figwheel_sidecar.components.cljs_autobuild$execute_build$fn__16382.invoke (cljs_autobuild.clj:114)
    figwheel_sidecar.utils$sync_exec$fn__1973$fn__1974.invoke (utils.clj:13)
    figwheel_sidecar.utils$sync_exec$fn__1973.invoke (utils.clj:12)
    clojure.core$binding_conveyor_fn$fn__4444.invoke (core.clj:1919)
    clojure.lang.AFn.applyToHelper (AFn.java:154)
    clojure.lang.RestFn.applyTo (RestFn.java:132)
    clojure.lang.Agent$Action.doRun (Agent.java:114)
    clojure.lang.Agent$Action.run (Agent.java:163)
[32mSuccessfully compiled "resources/public/js/compiled/timjs26.js" in 0.034 seconds.[0m
[0mCompiling "resources/public/js/compiled/timjs26.js" from ["src"]...
[32mSuccessfully compiled "resources/public/js/compiled/timjs26.js" in 0.169 seconds.[0m
[0mCompiling "resources/public/js/compiled/timjs26.js" from ["src"]...
notifying browser that file changed:  out/timjs26/core.js
[32mSuccessfully compiled "resources/public/js/compiled/timjs26.js" in 0.367 seconds.[0m
[0mCompiling "resources/public/js/compiled/timjs26.js" from ["src"]...
notifying browser that file changed:  out/timjs26/core.js
[32mSuccessfully compiled "resources/public/js/compiled/timjs26.js" in 0.282 seconds.[0m
[0mCompiling "resources/public/js/compiled/timjs26.js" from ["src"]...
notifying browser that file changed:  out/timjs26/core.js
[32mSuccessfully compiled "resources/public/js/compiled/timjs26.js" in 0.213 seconds.[0m
[0mCompiling "resources/public/js/compiled/timjs26.js" from ["src"]...
notifying browser that file changed:  out/timjs26/core.js
[32mSuccessfully compiled "resources/public/js/compiled/timjs26.js" in 0.213 seconds.[0m
[0mCompiling "resources/public/js/compiled/timjs26.js" from ["src"]...
notifying browser that file changed:  out/timjs26/core.js
[32mSuccessfully compiled "resources/public/js/compiled/timjs26.js" in 0.232 seconds.[0m
[0mCompiling "resources/public/js/compiled/timjs26.js" from ["src"]...
notifying browser that file changed:  out/timjs26/core.js
[32mSuccessfully compiled "resources/public/js/compiled/timjs26.js" in 0.246 seconds.[0m
[0mCompiling "resources/public/js/compiled/timjs26.js" from ["src"]...
notifying browser that file changed:  out/timjs26/core.js
[32mSuccessfully compiled "resources/public/js/compiled/timjs26.js" in 0.225 seconds.[0m
[0mCompiling "resources/public/js/compiled/timjs26.js" from ["src"]...
notifying browser that file changed:  out/timjs26/core.js
[32mSuccessfully compiled "resources/public/js/compiled/timjs26.js" in 0.172 seconds.[0m
[0mCompiling "resources/public/js/compiled/timjs26.js" from ["src"]...
notifying browser that file changed:  out/timjs26/core.js
[32mSuccessfully compiled "resources/public/js/compiled/timjs26.js" in 0.183 seconds.[0m
[0mCompiling "resources/public/js/compiled/timjs26.js" from ["src"]...
notifying browser that file changed:  out/timjs26/core.js
[32mSuccessfully compiled "resources/public/js/compiled/timjs26.js" in 0.226 seconds.[0m
[0mCompiling "resources/public/js/compiled/timjs26.js" from ["src"]...
WARNING: Use of undeclared Var timjs26.core/city at line 30 /Users/danbunea/Projects/timjs26/src/timjs26/core.cljs
WARNING: Use of undeclared Var timjs26.core/temp at line 30 /Users/danbunea/Projects/timjs26/src/timjs26/core.cljs
notifying browser that file changed:  out/timjs26/core.js
[32mSuccessfully compiled "resources/public/js/compiled/timjs26.js" in 0.197 seconds.[0m
[0mCompiling "resources/public/js/compiled/timjs26.js" from ["src"]...
notifying browser that file changed:  out/timjs26/core.js
[32mSuccessfully compiled "resources/public/js/compiled/timjs26.js" in 0.185 seconds.[0m
[0mCompiling "resources/public/js/compiled/timjs26.js" from ["src"]...
notifying browser that file changed:  out/timjs26/core.js
[32mSuccessfully compiled "resources/public/js/compiled/timjs26.js" in 0.378 seconds.[0m
[0mCompiling "resources/public/js/compiled/timjs26.js" from ["src"]...
notifying browser that file changed:  out/timjs26/core.js
[32mSuccessfully compiled "resources/public/js/compiled/timjs26.js" in 0.205 seconds.[0m
[0mCompiling "resources/public/js/compiled/timjs26.js" from ["src"]...
notifying browser that file changed:  out/timjs26/core.js
[32mSuccessfully compiled "resources/public/js/compiled/timjs26.js" in 0.142 seconds.[0m
[0mCompiling "resources/public/js/compiled/timjs26.js" from ["src"]...
notifying browser that file changed:  out/timjs26/core.js
[32mSuccessfully compiled "resources/public/js/compiled/timjs26.js" in 0.313 seconds.[0m
[0mCompiling "resources/public/js/compiled/timjs26.js" from ["src"]...
[32mSuccessfully compiled "resources/public/js/compiled/timjs26.js" in 0.221 seconds.[0m
[0mCompiling "resources/public/js/compiled/timjs26.js" from ["src"]...
notifying browser that file changed:  out/timjs26/core.js
[32mSuccessfully compiled "resources/public/js/compiled/timjs26.js" in 0.279 seconds.[0m
[0mCompiling "resources/public/js/compiled/timjs26.js" from ["src"]...
notifying browser that file changed:  out/timjs26/core.js
[32mSuccessfully compiled "resources/public/js/compiled/timjs26.js" in 0.286 seconds.[0m
[0mCompiling "resources/public/js/compiled/timjs26.js" from ["src"]...
WARNING: Use of undeclared Var timjs26.core/chan at line 9 /Users/danbunea/Projects/timjs26/src/timjs26/core.cljs
WARNING: No such namespace: aj, could not locate aj.cljs, aj.cljc, or Closure namespace "" at line 10 /Users/danbunea/Projects/timjs26/src/timjs26/core.cljs
WARNING: Use of undeclared Var aj/GET at line 10 /Users/danbunea/Projects/timjs26/src/timjs26/core.cljs
WARNING: Use of undeclared Var timjs26.core/put! at line 11 /Users/danbunea/Projects/timjs26/src/timjs26/core.cljs
WARNING: Use of undeclared Var timjs26.core/safe-run at line 33 /Users/danbunea/Projects/timjs26/src/timjs26/core.cljs
WARNING: Use of undeclared Var timjs26.core/go at line 34 /Users/danbunea/Projects/timjs26/src/timjs26/core.cljs
WARNING: Use of undeclared Var timjs26.core/<! at line 38 /Users/danbunea/Projects/timjs26/src/timjs26/core.cljs
notifying browser that file changed:  out/timjs26/core.js
[32mSuccessfully compiled "resources/public/js/compiled/timjs26.js" in 0.412 seconds.[0m
[0mCompiling "resources/public/js/compiled/timjs26.js" from ["src"]...
WARNING: No such namespace: aj, could not locate aj.cljs, aj.cljc, or Closure namespace "" at line 15 src/timjs26/core.cljs
WARNING: Use of undeclared Var aj/GET at line 15 src/timjs26/core.cljs
WARNING: Use of undeclared Var timjs26.core/safe-run at line 38 src/timjs26/core.cljs
notifying browser that file changed:  resources/public/js/compiled/out/cljs_deps.js
notifying browser that file changed:  out/timjs26/core.js
[32mSuccessfully compiled "resources/public/js/compiled/timjs26.js" in 0.43 seconds.[0m
[0mCompiling "resources/public/js/compiled/timjs26.js" from ["src"]...
[31mCompiling "resources/public/js/compiled/timjs26.js" failed.
[0mANALYSIS ERROR: No such namespace: ajax.core, could not locate ajax/core.cljs, ajax/core.cljc, or Closure namespace "ajax.core" on file null, line null, column null
[32mSuccessfully compiled "resources/public/js/compiled/timjs26.js" in 0.175 seconds.[0m
[0mCompiling "resources/public/js/compiled/timjs26.js" from ["src"]...
WARNING: No such namespace: aj, could not locate aj.cljs, aj.cljc, or Closure namespace "" at line 16 src/timjs26/core.cljs
WARNING: Use of undeclared Var aj/GET at line 16 src/timjs26/core.cljs
notifying browser that file changed:  resources/public/js/compiled/out/goog/deps.js
notifying browser that file changed:  resources/public/js/compiled/out/cljs_deps.js
notifying browser that file changed:  out/timjs26/core.js
[32mSuccessfully compiled "resources/public/js/compiled/timjs26.js" in 0.427 seconds.[0m
[0mCompiling "resources/public/js/compiled/timjs26.js" from ["src"]...
[31mCompiling "resources/public/js/compiled/timjs26.js" failed.
[0mclojure.lang.ExceptionInfo: Only :as alias and :refer (names) options supported in :require; offending spec: [ajax.core :as :refer [GET POST]] at line 1 src/timjs26/core.cljs
 at clojure.core$ex_info.invoke (core.clj:4593)
    cljs.analyzer$error.invoke (analyzer.cljc:568)
    cljs.analyzer$error.invoke (analyzer.cljc:566)
    cljs.analyzer$basic_validate_ns_spec.invoke (analyzer.cljc:1698)
    cljs.analyzer$parse_require_spec.invoke (analyzer.cljc:1739)
    clojure.lang.AFn.applyToHelper (AFn.java:171)
    clojure.lang.AFn.applyTo (AFn.java:144)
    clojure.core$apply.invoke (core.clj:636)
    clojure.core$partial$fn__4533.doInvoke (core.clj:2512)
    clojure.lang.RestFn.invoke (RestFn.java:408)
    clojure.core$map$fn__4553.invoke (core.clj:2624)
    clojure.lang.LazySeq.sval (LazySeq.java:40)
    clojure.lang.LazySeq.seq (LazySeq.java:49)
    clojure.lang.Cons.next (Cons.java:39)
    clojure.lang.RT.next (RT.java:674)
    clojure.core/next (core.clj:64)
    clojure.core$reduce1.invoke (core.clj:909)
    clojure.core$reduce1.invoke (core.clj:900)
    clojure.core$merge_with.doInvoke (core.clj:2936)
    clojure.lang.RestFn.applyTo (RestFn.java:139)
    clojure.core$apply.invoke (core.clj:634)
    cljs.analyzer$eval1651$fn__1653$fn__1658.invoke (analyzer.cljc:1926)
    clojure.core.protocols/fn (protocols.clj:167)
    clojure.core.protocols$fn__6478$G__6473__6487.invoke (protocols.clj:19)
    clojure.core.protocols$seq_reduce.invoke (protocols.clj:31)
    clojure.core.protocols/fn (protocols.clj:101)
    clojure.core.protocols$fn__6452$G__6447__6465.invoke (protocols.clj:13)
    clojure.core$reduce.invoke (core.clj:6519)
    cljs.analyzer$eval1651$fn__1653.invoke (analyzer.cljc:1909)
    clojure.lang.MultiFn.invoke (MultiFn.java:251)
[32mSuccessfully compiled "resources/public/js/compiled/timjs26.js" in 0.04 seconds.[0m
[0mCompiling "resources/public/js/compiled/timjs26.js" from ["src"]...
notifying browser that file changed:  out/timjs26/core.js
[32mSuccessfully compiled "resources/public/js/compiled/timjs26.js" in 0.237 seconds.[0m
[0mCompiling "resources/public/js/compiled/timjs26.js" from ["src"]...
[32mSuccessfully compiled "resources/public/js/compiled/timjs26.js" in 0.223 seconds.[0m
[0mCompiling "resources/public/js/compiled/timjs26.js" from ["src"]...
notifying browser that file changed:  resources/public/js/compiled/out/goog/deps.js
notifying browser that file changed:  resources/public/js/compiled/out/cljs_deps.js
notifying browser that file changed:  out/timjs26/core.js
[32mSuccessfully compiled "resources/public/js/compiled/timjs26.js" in 0.476 seconds.[0m
[0mCompiling "resources/public/js/compiled/timjs26.js" from ["src"]...
[32mSuccessfully compiled "resources/public/js/compiled/timjs26.js" in 0.148 seconds.[0m
[0mCompiling "resources/public/js/compiled/timjs26.js" from ["src"]...
[32mSuccessfully compiled "resources/public/js/compiled/timjs26.js" in 0.157 seconds.[0m
[0mCompiling "resources/public/js/compiled/timjs26.js" from ["src"]...
notifying browser that file changed:  resources/public/js/compiled/out/cljs_deps.js
notifying browser that file changed:  out/timjs26/core.js
[32mSuccessfully compiled "resources/public/js/compiled/timjs26.js" in 0.15 seconds.[0m
[0mCompiling "resources/public/js/compiled/timjs26.js" from ["src"]...
[32mSuccessfully compiled "resources/public/js/compiled/timjs26.js" in 0.263 seconds.[0m
[0mCompiling "resources/public/js/compiled/timjs26.js" from ["src"]...
notifying browser that file changed:  out/timjs26/core.js
[32mSuccessfully compiled "resources/public/js/compiled/timjs26.js" in 0.321 seconds.[0m
[0mCompiling "resources/public/js/compiled/timjs26.js" from ["src"]...
notifying browser that file changed:  resources/public/js/compiled/out/goog/deps.js
notifying browser that file changed:  resources/public/js/compiled/out/cljs_deps.js
notifying browser that file changed:  out/timjs26/core.js
[32mSuccessfully compiled "resources/public/js/compiled/timjs26.js" in 0.491 seconds.[0m
[0mCompiling "resources/public/js/compiled/timjs26.js" from ["src"]...
notifying browser that file changed:  resources/public/js/compiled/out/cljs_deps.js
notifying browser that file changed:  out/timjs26/core.js
[32mSuccessfully compiled "resources/public/js/compiled/timjs26.js" in 0.553 seconds.[0m
[0mCompiling "resources/public/js/compiled/timjs26.js" from ["src"]...
[31mCompiling "resources/public/js/compiled/timjs26.js" failed.
[0mjava.lang.AssertionError: No ns form found in src/timjs26/untitled.cljs
 at cljs.analyzer$parse_ns$fn__1924.invoke (analyzer.cljc:2731)
    cljs.analyzer$parse_ns.invoke (analyzer.cljc:2682)
    cljs.analyzer$parse_ns.invoke (analyzer.cljc:2673)
    cljs.compiler$find_source.invoke (compiler.cljc:1389)
    clojure.core$map$fn__4553.invoke (core.clj:2624)
    clojure.lang.LazySeq.sval (LazySeq.java:40)
    clojure.lang.LazySeq.seq (LazySeq.java:49)
    clojure.lang.Cons.next (Cons.java:39)
    clojure.lang.RT.next (RT.java:674)
    clojure.core/next (core.clj:64)
    clojure.core$reduce1.invoke (core.clj:909)
    clojure.core$set.invoke (core.clj:3960)
    cljs.closure$add_dependency_sources.invoke (closure.clj:731)
    cljs.closure$build.invoke (closure.clj:1807)
    cljs.build.api$build.invoke (api.clj:207)
    figwheel_sidecar.components.cljs_autobuild$cljs_build.invoke (cljs_autobuild.clj:24)
    figwheel_sidecar.build_middleware.injection$hook$fn__15892.invoke (injection.clj:139)
    figwheel_sidecar.build_middleware.notifications$hook$fn__16219.invoke (notifications.clj:187)
    figwheel_sidecar.build_middleware.clj_reloading$hook$fn__16295.invoke (clj_reloading.clj:115)
    figwheel_sidecar.build_middleware.javascript_reloading$hook$fn__16341.invoke (javascript_reloading.clj:60)
    figwheel_sidecar.components.cljs_autobuild$eval16356$figwheel_start_and_end_messages__16359$fn__16361.invoke (cljs_autobuild.clj:47)
    figwheel_sidecar.components.cljs_autobuild$execute_build$fn__16382$fn__16383.invoke (cljs_autobuild.clj:116)
    figwheel_sidecar.components.cljs_autobuild$execute_build$fn__16382.invoke (cljs_autobuild.clj:114)
    figwheel_sidecar.utils$sync_exec$fn__1973$fn__1974.invoke (utils.clj:13)
    figwheel_sidecar.utils$sync_exec$fn__1973.invoke (utils.clj:12)
    clojure.core$binding_conveyor_fn$fn__4444.invoke (core.clj:1919)
    clojure.lang.AFn.applyToHelper (AFn.java:154)
    clojure.lang.RestFn.applyTo (RestFn.java:132)
    clojure.lang.Agent$Action.doRun (Agent.java:114)
    clojure.lang.Agent$Action.run (Agent.java:163)
[32mSuccessfully compiled "resources/public/js/compiled/timjs26.js" in 0.074 seconds.[0m
[0mCompiling "resources/public/js/compiled/timjs26.js" from ["src"]...
[32mSuccessfully compiled "resources/public/js/compiled/timjs26.js" in 0.19 seconds.[0m
[0mCompiling "resources/public/js/compiled/timjs26.js" from ["src"]...
[32mSuccessfully compiled "resources/public/js/compiled/timjs26.js" in 0.213 seconds.[0m
[0mCompiling "resources/public/js/compiled/timjs26.js" from ["src"]...
notifying browser that file changed:  out/timjs26/core.js
[32mSuccessfully compiled "resources/public/js/compiled/timjs26.js" in 0.295 seconds.[0m
[0mCompiling "resources/public/js/compiled/timjs26.js" from ["src"]...
[31mCompiling "resources/public/js/compiled/timjs26.js" failed.
[0mjava.lang.AssertionError: No ns form found in src/timjs26/untitled.cljs
 at cljs.analyzer$parse_ns$fn__1924.invoke (analyzer.cljc:2731)
    cljs.analyzer$parse_ns.invoke (analyzer.cljc:2682)
    cljs.analyzer$parse_ns.invoke (analyzer.cljc:2673)
    cljs.compiler$find_source.invoke (compiler.cljc:1389)
    clojure.core$map$fn__4553.invoke (core.clj:2624)
    clojure.lang.LazySeq.sval (LazySeq.java:40)
    clojure.lang.LazySeq.seq (LazySeq.java:49)
    clojure.lang.Cons.next (Cons.java:39)
    clojure.lang.RT.next (RT.java:674)
    clojure.core/next (core.clj:64)
    clojure.core$reduce1.invoke (core.clj:909)
    clojure.core$set.invoke (core.clj:3960)
    cljs.closure$add_dependency_sources.invoke (closure.clj:731)
    cljs.closure$build.invoke (closure.clj:1807)
    cljs.build.api$build.invoke (api.clj:207)
    figwheel_sidecar.components.cljs_autobuild$cljs_build.invoke (cljs_autobuild.clj:24)
    figwheel_sidecar.build_middleware.injection$hook$fn__15892.invoke (injection.clj:139)
    figwheel_sidecar.build_middleware.notifications$hook$fn__16219.invoke (notifications.clj:187)
    figwheel_sidecar.build_middleware.clj_reloading$hook$fn__16295.invoke (clj_reloading.clj:115)
    figwheel_sidecar.build_middleware.javascript_reloading$hook$fn__16341.invoke (javascript_reloading.clj:60)
    figwheel_sidecar.components.cljs_autobuild$eval16356$figwheel_start_and_end_messages__16359$fn__16361.invoke (cljs_autobuild.clj:47)
    figwheel_sidecar.components.cljs_autobuild$execute_build$fn__16382$fn__16383.invoke (cljs_autobuild.clj:116)
    figwheel_sidecar.components.cljs_autobuild$execute_build$fn__16382.invoke (cljs_autobuild.clj:114)
    figwheel_sidecar.utils$sync_exec$fn__1973$fn__1974.invoke (utils.clj:13)
    figwheel_sidecar.utils$sync_exec$fn__1973.invoke (utils.clj:12)
    clojure.core$binding_conveyor_fn$fn__4444.invoke (core.clj:1919)
    clojure.lang.AFn.applyToHelper (AFn.java:154)
    clojure.lang.RestFn.applyTo (RestFn.java:132)
    clojure.lang.Agent$Action.doRun (Agent.java:114)
    clojure.lang.Agent$Action.run (Agent.java:163)
[32mSuccessfully compiled "resources/public/js/compiled/timjs26.js" in 0.066 seconds.[0m
[0mCompiling "resources/public/js/compiled/timjs26.js" from ["src"]...
[32mSuccessfully compiled "resources/public/js/compiled/timjs26.js" in 0.191 seconds.[0m
[0mCompiling "resources/public/js/compiled/timjs26.js" from ["src"]...
[32mSuccessfully compiled "resources/public/js/compiled/timjs26.js" in 0.209 seconds.[0m
[0mCompiling "resources/public/js/compiled/timjs26.js" from ["src"]...
WARNING: Use of undeclared Var timjs26.core/message at line 19 src/timjs26/core.cljs
notifying browser that file changed:  out/timjs26/core.js
[32mSuccessfully compiled "resources/public/js/compiled/timjs26.js" in 0.431 seconds.[0m
[0mCompiling "resources/public/js/compiled/timjs26.js" from ["src"]...
[31mCompiling "resources/public/js/compiled/timjs26.js" failed.
[0mANALYSIS ERROR: Too many arguments to def at line 19 src/timjs26/core.cljs on file src/timjs26/core.cljs, line 19, column 1
[32mSuccessfully compiled "resources/public/js/compiled/timjs26.js" in 0.139 seconds.[0m
[0mCompiling "resources/public/js/compiled/timjs26.js" from ["src"]...
notifying browser that file changed:  out/timjs26/core.js
[32mSuccessfully compiled "resources/public/js/compiled/timjs26.js" in 0.313 seconds.[0m
[0mCompiling "resources/public/js/compiled/timjs26.js" from ["src"]...
notifying browser that file changed:  out/timjs26/core.js
[32mSuccessfully compiled "resources/public/js/compiled/timjs26.js" in 0.402 seconds.[0m
[0mCompiling "resources/public/js/compiled/timjs26.js" from ["src"]...
notifying browser that file changed:  out/timjs26/core.js
[32mSuccessfully compiled "resources/public/js/compiled/timjs26.js" in 0.419 seconds.[0m
[0mCompiling "resources/public/js/compiled/timjs26.js" from ["src"]...
WARNING: Use of undeclared Var timjs26.core/model at line 20 src/timjs26/core.cljs
notifying browser that file changed:  out/timjs26/core.js
[32mSuccessfully compiled "resources/public/js/compiled/timjs26.js" in 0.423 seconds.[0m
[0mCompiling "resources/public/js/compiled/timjs26.js" from ["src"]...
WARNING: Use of undeclared Var timjs26.core/model at line 20 src/timjs26/core.cljs
[31mCompiling "resources/public/js/compiled/timjs26.js" failed.
[0mERROR: Unmatched delimiter ] on file /Users/danbunea/Projects/timjs26/src/timjs26/core.cljs, line 100, column 5
[32mSuccessfully compiled "resources/public/js/compiled/timjs26.js" in 0.28 seconds.[0m
[0mCompiling "resources/public/js/compiled/timjs26.js" from ["src"]...
WARNING: Use of undeclared Var timjs26.core/model at line 20 src/timjs26/core.cljs
notifying browser that file changed:  out/timjs26/core.js
[32mSuccessfully compiled "resources/public/js/compiled/timjs26.js" in 0.357 seconds.[0m
[0mCompiling "resources/public/js/compiled/timjs26.js" from ["src"]...
WARNING: Use of undeclared Var timjs26.core/model at line 31 src/timjs26/core.cljs
notifying browser that file changed:  out/timjs26/core.js
[32mSuccessfully compiled "resources/public/js/compiled/timjs26.js" in 0.395 seconds.[0m
[0mCompiling "resources/public/js/compiled/timjs26.js" from ["src"]...
notifying browser that file changed:  out/timjs26/core.js
[32mSuccessfully compiled "resources/public/js/compiled/timjs26.js" in 0.391 seconds.[0m
[0mCompiling "resources/public/js/compiled/timjs26.js" from ["src"]...
WARNING: Use of undeclared Var timjs26.core/undo at line 96 src/timjs26/core.cljs
notifying browser that file changed:  out/timjs26/core.js
[32mSuccessfully compiled "resources/public/js/compiled/timjs26.js" in 0.425 seconds.[0m
[0mCompiling "resources/public/js/compiled/timjs26.js" from ["src"]...
WARNING: Use of undeclared Var timjs26.core/undo at line 96 src/timjs26/core.cljs
notifying browser that file changed:  out/timjs26/core.js
[32mSuccessfully compiled "resources/public/js/compiled/timjs26.js" in 0.346 seconds.[0m
[0mCompiling "resources/public/js/compiled/timjs26.js" from ["src"]...
WARNING: Use of undeclared Var timjs26.core/add-error at line 46 src/timjs26/core.cljs
WARNING: Use of undeclared Var timjs26.core/add-error at line 46 src/timjs26/core.cljs
WARNING: Use of undeclared Var timjs26.core/undo at line 92 src/timjs26/core.cljs
notifying browser that file changed:  out/timjs26/core.js
[32mSuccessfully compiled "resources/public/js/compiled/timjs26.js" in 0.43 seconds.[0m
[0mCompiling "resources/public/js/compiled/timjs26.js" from ["src"]...
WARNING: Use of undeclared Var timjs26.core/undo at line 95 src/timjs26/core.cljs
notifying browser that file changed:  out/timjs26/core.js
[32mSuccessfully compiled "resources/public/js/compiled/timjs26.js" in 0.347 seconds.[0m
[0mCompiling "resources/public/js/compiled/timjs26.js" from ["src"]...
notifying browser that file changed:  out/timjs26/core.js
[32mSuccessfully compiled "resources/public/js/compiled/timjs26.js" in 0.225 seconds.[0m
[0mCompiling "resources/public/js/compiled/timjs26.js" from ["src"]...
notifying browser that file changed:  out/timjs26/core.js
[32mSuccessfully compiled "resources/public/js/compiled/timjs26.js" in 0.258 seconds.[0m
[0mCompiling "resources/public/js/compiled/timjs26.js" from ["src"]...
notifying browser that file changed:  out/timjs26/core.js
[32mSuccessfully compiled "resources/public/js/compiled/timjs26.js" in 0.284 seconds.[0m
[0mCompiling "resources/public/js/compiled/timjs26.js" from ["src"]...
notifying browser that file changed:  out/timjs26/core.js
[32mSuccessfully compiled "resources/public/js/compiled/timjs26.js" in 0.244 seconds.[0m
[0mCompiling "resources/public/js/compiled/timjs26.js" from ["src"]...
notifying browser that file changed:  out/timjs26/core.js
[32mSuccessfully compiled "resources/public/js/compiled/timjs26.js" in 0.278 seconds.[0m
[0mCompiling "resources/public/js/compiled/timjs26.js" from ["src"]...
notifying browser that file changed:  out/timjs26/core.js
[32mSuccessfully compiled "resources/public/js/compiled/timjs26.js" in 0.296 seconds.[0m
[0mCompiling "resources/public/js/compiled/timjs26.js" from ["src"]...
notifying browser that file changed:  out/timjs26/core.js
[32mSuccessfully compiled "resources/public/js/compiled/timjs26.js" in 0.306 seconds.[0m
[0mCompiling "resources/public/js/compiled/timjs26.js" from ["src"]...
notifying browser that file changed:  out/timjs26/core.js
[32mSuccessfully compiled "resources/public/js/compiled/timjs26.js" in 0.349 seconds.[0m
[0mCompiling "resources/public/js/compiled/timjs26.js" from ["src"]...
notifying browser that file changed:  out/timjs26/core.js
[32mSuccessfully compiled "resources/public/js/compiled/timjs26.js" in 0.355 seconds.[0m
[0mCompiling "resources/public/js/compiled/timjs26.js" from ["src"]...
notifying browser that file changed:  out/timjs26/core.js
[32mSuccessfully compiled "resources/public/js/compiled/timjs26.js" in 0.306 seconds.[0m
[0mCompiling "resources/public/js/compiled/timjs26.js" from ["src"]...
notifying browser that file changed:  out/timjs26/core.js
[32mSuccessfully compiled "resources/public/js/compiled/timjs26.js" in 0.522 seconds.[0m
[0mCompiling "resources/public/js/compiled/timjs26.js" from ["src"]...
notifying browser that file changed:  out/timjs26/core.js
[32mSuccessfully compiled "resources/public/js/compiled/timjs26.js" in 0.589 seconds.[0m
[0mCompiling "resources/public/js/compiled/timjs26.js" from ["src"]...
notifying browser that file changed:  out/timjs26/core.js
[32mSuccessfully compiled "resources/public/js/compiled/timjs26.js" in 0.481 seconds.[0m
[0mCompiling "resources/public/js/compiled/timjs26.js" from ["src"]...
notifying browser that file changed:  out/timjs26/core.js
[32mSuccessfully compiled "resources/public/js/compiled/timjs26.js" in 0.412 seconds.[0m
[0mCompiling "resources/public/js/compiled/timjs26.js" from ["src"]...
notifying browser that file changed:  out/timjs26/core.js
[32mSuccessfully compiled "resources/public/js/compiled/timjs26.js" in 0.477 seconds.[0m
[0mCompiling "resources/public/js/compiled/timjs26.js" from ["src"]...
notifying browser that file changed:  out/timjs26/core.js
[32mSuccessfully compiled "resources/public/js/compiled/timjs26.js" in 0.416 seconds.[0m
[0mCompiling "resources/public/js/compiled/timjs26.js" from ["src"]...
notifying browser that file changed:  out/timjs26/core.js
[32mSuccessfully compiled "resources/public/js/compiled/timjs26.js" in 0.496 seconds.[0m
[0mCompiling "resources/public/js/compiled/timjs26.js" from ["src"]...
notifying browser that file changed:  out/timjs26/core.js
[32mSuccessfully compiled "resources/public/js/compiled/timjs26.js" in 0.348 seconds.[0m
[0mCompiling "resources/public/js/compiled/timjs26.js" from ["src"]...
notifying browser that file changed:  out/timjs26/core.js
[32mSuccessfully compiled "resources/public/js/compiled/timjs26.js" in 0.274 seconds.[0m
[0mCompiling "resources/public/js/compiled/timjs26.js" from ["src"]...
notifying browser that file changed:  out/timjs26/core.js
[32mSuccessfully compiled "resources/public/js/compiled/timjs26.js" in 0.334 seconds.[0m
[0mCompiling "resources/public/js/compiled/timjs26.js" from ["src"]...
notifying browser that file changed:  resources/public/js/compiled/out/cljs_deps.js
notifying browser that file changed:  out/timjs26/core.js
[32mSuccessfully compiled "resources/public/js/compiled/timjs26.js" in 0.471 seconds.[0m
[0mCompiling "resources/public/js/compiled/timjs26.js" from ["src"]...
notifying browser that file changed:  resources/public/js/compiled/out/goog/deps.js
notifying browser that file changed:  resources/public/js/compiled/out/cljs_deps.js
notifying browser that file changed:  out/timjs26/core.js
[32mSuccessfully compiled "resources/public/js/compiled/timjs26.js" in 0.747 seconds.[0m
[0mCompiling "resources/public/js/compiled/timjs26.js" from ["src"]...
WARNING: Use of undeclared Var timjs26.core/alt! at line 43 src/timjs26/core.cljs
notifying browser that file changed:  out/timjs26/core.js
[32mSuccessfully compiled "resources/public/js/compiled/timjs26.js" in 0.347 seconds.[0m
[0mCompiling "resources/public/js/compiled/timjs26.js" from ["src"]...
[31mCompiling "resources/public/js/compiled/timjs26.js" failed.
[0mANALYSIS ERROR: Referred var cljs.core.async/alt! does not exist on file null, line null, column null
[32mSuccessfully compiled "resources/public/js/compiled/timjs26.js" in 0.197 seconds.[0m
[0mCompiling "resources/public/js/compiled/timjs26.js" from ["src"]...
[31mCompiling "resources/public/js/compiled/timjs26.js" failed.
[0mANALYSIS ERROR: Referred var cljs.core.async/alt! does not exist on file null, line null, column null
[32mSuccessfully compiled "resources/public/js/compiled/timjs26.js" in 0.177 seconds.[0m
[0mCompiling "resources/public/js/compiled/timjs26.js" from ["src"]...
notifying browser that file changed:  out/timjs26/core.js
[32mSuccessfully compiled "resources/public/js/compiled/timjs26.js" in 0.356 seconds.[0m
[0mCompiling "resources/public/js/compiled/timjs26.js" from ["src"]...
notifying browser that file changed:  out/timjs26/core.js
[32mSuccessfully compiled "resources/public/js/compiled/timjs26.js" in 0.316 seconds.[0m
[0mCompiling "resources/public/js/compiled/timjs26.js" from ["src"]...
notifying browser that file changed:  out/timjs26/core.js
[32mSuccessfully compiled "resources/public/js/compiled/timjs26.js" in 0.293 seconds.[0m
[0mCompiling "resources/public/js/compiled/timjs26.js" from ["src"]...
notifying browser that file changed:  out/timjs26/core.js
[32mSuccessfully compiled "resources/public/js/compiled/timjs26.js" in 0.343 seconds.[0m
[0mCompiling "resources/public/js/compiled/timjs26.js" from ["src"]...
notifying browser that file changed:  out/timjs26/core.js
[32mSuccessfully compiled "resources/public/js/compiled/timjs26.js" in 0.444 seconds.[0m
[0mCompiling "resources/public/js/compiled/timjs26.js" from ["src"]...
notifying browser that file changed:  out/timjs26/core.js
[32mSuccessfully compiled "resources/public/js/compiled/timjs26.js" in 0.35 seconds.[0m
[0mCompiling "resources/public/js/compiled/timjs26.js" from ["src"]...
notifying browser that file changed:  out/timjs26/core.js
[32mSuccessfully compiled "resources/public/js/compiled/timjs26.js" in 0.347 seconds.[0m
[0mCompiling "resources/public/js/compiled/timjs26.js" from ["src"]...
notifying browser that file changed:  out/timjs26/core.js
[32mSuccessfully compiled "resources/public/js/compiled/timjs26.js" in 0.314 seconds.[0m
[0mCompiling "resources/public/js/compiled/timjs26.js" from ["src"]...
notifying browser that file changed:  out/timjs26/core.js
[32mSuccessfully compiled "resources/public/js/compiled/timjs26.js" in 0.259 seconds.[0m
[0mCompiling "resources/public/js/compiled/timjs26.js" from ["src"]...
[31mCompiling "resources/public/js/compiled/timjs26.js" failed.
[0mERROR: Unmatched delimiter ) on file /Users/danbunea/Projects/timjs26/src/timjs26/core.cljs, line 47, column 24
[32mSuccessfully compiled "resources/public/js/compiled/timjs26.js" in 0.144 seconds.[0m
[0mCompiling "resources/public/js/compiled/timjs26.js" from ["src"]...
notifying browser that file changed:  out/timjs26/core.js
[32mSuccessfully compiled "resources/public/js/compiled/timjs26.js" in 0.298 seconds.[0m
[0mCompiling "resources/public/js/compiled/timjs26.js" from ["src"]...
notifying browser that file changed:  out/timjs26/core.js
[32mSuccessfully compiled "resources/public/js/compiled/timjs26.js" in 0.352 seconds.[0m
[0mCompiling "resources/public/js/compiled/timjs26.js" from ["src"]...
[31mCompiling "resources/public/js/compiled/timjs26.js" failed.
[0mANALYSIS ERROR: Referred macro cljs.core.async.macros/alts! does not exist on file null, line null, column null
[32mSuccessfully compiled "resources/public/js/compiled/timjs26.js" in 0.137 seconds.[0m
[0mCompiling "resources/public/js/compiled/timjs26.js" from ["src"]...
[31mCompiling "resources/public/js/compiled/timjs26.js" failed.
[0mANALYSIS ERROR: Referred macro cljs.core.async.macros/alts! does not exist on file null, line null, column null
[32mSuccessfully compiled "resources/public/js/compiled/timjs26.js" in 0.13 seconds.[0m
[0mCompiling "resources/public/js/compiled/timjs26.js" from ["src"]...
WARNING: Use of undeclared Var timjs26.core/v at line 47 src/timjs26/core.cljs
WARNING: Use of undeclared Var timjs26.core/v at line 47 src/timjs26/core.cljs
notifying browser that file changed:  out/timjs26/core.js
[32mSuccessfully compiled "resources/public/js/compiled/timjs26.js" in 0.4 seconds.[0m
[0mCompiling "resources/public/js/compiled/timjs26.js" from ["src"]...
notifying browser that file changed:  out/timjs26/core.js
[32mSuccessfully compiled "resources/public/js/compiled/timjs26.js" in 0.301 seconds.[0m
[0mCompiling "resources/public/js/compiled/timjs26.js" from ["src"]...
notifying browser that file changed:  out/timjs26/core.js
[32mSuccessfully compiled "resources/public/js/compiled/timjs26.js" in 0.317 seconds.[0m
[0mCompiling "resources/public/js/compiled/timjs26.js" from ["src"]...
notifying browser that file changed:  out/timjs26/core.js
[32mSuccessfully compiled "resources/public/js/compiled/timjs26.js" in 0.298 seconds.[0m
[0mCompiling "resources/public/js/compiled/timjs26.js" from ["src"]...
notifying browser that file changed:  out/timjs26/core.js
[32mSuccessfully compiled "resources/public/js/compiled/timjs26.js" in 0.297 seconds.[0m
[0mCompiling "resources/public/js/compiled/timjs26.js" from ["src"]...
notifying browser that file changed:  out/timjs26/core.js
[32mSuccessfully compiled "resources/public/js/compiled/timjs26.js" in 0.36 seconds.[0m
[0mCompiling "resources/public/js/compiled/timjs26.js" from ["src"]...
notifying browser that file changed:  out/timjs26/core.js
[32mSuccessfully compiled "resources/public/js/compiled/timjs26.js" in 0.304 seconds.[0m
[0mCompiling "resources/public/js/compiled/timjs26.js" from ["src"]...
[31mCompiling "resources/public/js/compiled/timjs26.js" failed.
[0mjava.lang.AssertionError: No ns form found in src/timjs26/untitled.cljs
 at cljs.analyzer$parse_ns$fn__1924.invoke (analyzer.cljc:2731)
    cljs.analyzer$parse_ns.invoke (analyzer.cljc:2682)
    cljs.analyzer$parse_ns.invoke (analyzer.cljc:2673)
    cljs.compiler$find_source.invoke (compiler.cljc:1389)
    clojure.core$map$fn__4553.invoke (core.clj:2624)
    clojure.lang.LazySeq.sval (LazySeq.java:40)
    clojure.lang.LazySeq.seq (LazySeq.java:49)
    clojure.lang.Cons.next (Cons.java:39)
    clojure.lang.RT.next (RT.java:674)
    clojure.core/next (core.clj:64)
    clojure.core$reduce1.invoke (core.clj:909)
    clojure.core$set.invoke (core.clj:3960)
    cljs.closure$add_dependency_sources.invoke (closure.clj:731)
    cljs.closure$build.invoke (closure.clj:1807)
    cljs.build.api$build.invoke (api.clj:207)
    figwheel_sidecar.components.cljs_autobuild$cljs_build.invoke (cljs_autobuild.clj:24)
    figwheel_sidecar.build_middleware.injection$hook$fn__15892.invoke (injection.clj:139)
    figwheel_sidecar.build_middleware.notifications$hook$fn__16219.invoke (notifications.clj:187)
    figwheel_sidecar.build_middleware.clj_reloading$hook$fn__16295.invoke (clj_reloading.clj:115)
    figwheel_sidecar.build_middleware.javascript_reloading$hook$fn__16341.invoke (javascript_reloading.clj:60)
    figwheel_sidecar.components.cljs_autobuild$eval16356$figwheel_start_and_end_messages__16359$fn__16361.invoke (cljs_autobuild.clj:47)
    figwheel_sidecar.components.cljs_autobuild$execute_build$fn__16382$fn__16383.invoke (cljs_autobuild.clj:116)
    figwheel_sidecar.components.cljs_autobuild$execute_build$fn__16382.invoke (cljs_autobuild.clj:114)
    figwheel_sidecar.utils$sync_exec$fn__1973$fn__1974.invoke (utils.clj:13)
    figwheel_sidecar.utils$sync_exec$fn__1973.invoke (utils.clj:12)
    clojure.core$binding_conveyor_fn$fn__4444.invoke (core.clj:1919)
    clojure.lang.AFn.applyToHelper (AFn.java:154)
    clojure.lang.RestFn.applyTo (RestFn.java:132)
    clojure.lang.Agent$Action.doRun (Agent.java:114)
    clojure.lang.Agent$Action.run (Agent.java:163)
[32mSuccessfully compiled "resources/public/js/compiled/timjs26.js" in 0.055 seconds.[0m
[0mCompiling "resources/public/js/compiled/timjs26.js" from ["src"]...
[32mSuccessfully compiled "resources/public/js/compiled/timjs26.js" in 0.186 seconds.[0m
[0mCompiling "resources/public/js/compiled/timjs26.js" from ["src"]...
[32mSuccessfully compiled "resources/public/js/compiled/timjs26.js" in 0.148 seconds.[0m
[0mCompiling "resources/public/js/compiled/timjs26.js" from ["src"]...
notifying browser that file changed:  resources/public/js/compiled/out/cljs_deps.js
notifying browser that file changed:  out/timjs26/core.js
[32mSuccessfully compiled "resources/public/js/compiled/timjs26.js" in 0.16 seconds.[0m
[0mCompiling "resources/public/js/compiled/timjs26.js" from ["src"]...
notifying browser that file changed:  resources/public/js/compiled/out/goog/deps.js
notifying browser that file changed:  resources/public/js/compiled/out/cljs_deps.js
notifying browser that file changed:  out/timjs26/core.js
[32mSuccessfully compiled "resources/public/js/compiled/timjs26.js" in 0.305 seconds.[0m
[0mCompiling "resources/public/js/compiled/timjs26.js" from ["src"]...
notifying browser that file changed:  resources/public/js/compiled/out/cljs_deps.js
notifying browser that file changed:  out/timjs26/core.js
[32mSuccessfully compiled "resources/public/js/compiled/timjs26.js" in 0.529 seconds.[0m
[0mCompiling "resources/public/js/compiled/timjs26.js" from ["src"]...
[31mCompiling "resources/public/js/compiled/timjs26.js" failed.
[0mANALYSIS ERROR: Could not locate timjs26/macros__init.class or timjs26/macros.clj on classpath. on file null, line null, column null
[32mSuccessfully compiled "resources/public/js/compiled/timjs26.js" in 0.171 seconds.[0m
[0mCompiling "resources/public/js/compiled/timjs26.js" from ["src"]...
notifying browser that file changed:  out/timjs26/core.js
[32mSuccessfully compiled "resources/public/js/compiled/timjs26.js" in 0.491 seconds.[0m
[0mCompiling "resources/public/js/compiled/timjs26.js" from ["src"]...
[32mSuccessfully compiled "resources/public/js/compiled/timjs26.js" in 0.216 seconds.[0m
[0mCompiling "resources/public/js/compiled/timjs26.js" from ["src"]...
notifying browser that file changed:  out/timjs26/core.js
[32mSuccessfully compiled "resources/public/js/compiled/timjs26.js" in 0.446 seconds.[0m
[0mCompiling "resources/public/js/compiled/timjs26.js" from ["src"]...
notifying browser that file changed:  out/timjs26/core.js
[32mSuccessfully compiled "resources/public/js/compiled/timjs26.js" in 0.589 seconds.[0m
[0mCompiling "resources/public/js/compiled/timjs26.js" from ["src"]...
notifying browser that file changed:  out/timjs26/core.js
[32mSuccessfully compiled "resources/public/js/compiled/timjs26.js" in 0.679 seconds.[0m
[0mCompiling "resources/public/js/compiled/timjs26.js" from ["src"]...
notifying browser that file changed:  out/timjs26/core.js
[32mSuccessfully compiled "resources/public/js/compiled/timjs26.js" in 0.636 seconds.[0m
[0mCompiling "resources/public/js/compiled/timjs26.js" from ["src"]...
notifying browser that file changed:  out/timjs26/core.js
[32mSuccessfully compiled "resources/public/js/compiled/timjs26.js" in 0.62 seconds.[0m
[0mCompiling "resources/public/js/compiled/timjs26.js" from ["src"]...
notifying browser that file changed:  out/timjs26/core.js
[32mSuccessfully compiled "resources/public/js/compiled/timjs26.js" in 0.243 seconds.[0m
[0mCompiling "resources/public/js/compiled/timjs26.js" from ["src"]...
notifying browser that file changed:  out/timjs26/core.js
[32mSuccessfully compiled "resources/public/js/compiled/timjs26.js" in 0.608 seconds.[0m
[0mCompiling "resources/public/js/compiled/timjs26.js" from ["src"]...
notifying browser that file changed:  out/timjs26/core.js
[32mSuccessfully compiled "resources/public/js/compiled/timjs26.js" in 0.399 seconds.[0m
[0mCompiling "resources/public/js/compiled/timjs26.js" from ["src"]...
notifying browser that file changed:  out/timjs26/core.js
[32mSuccessfully compiled "resources/public/js/compiled/timjs26.js" in 0.46 seconds.[0m
[0mCompiling "resources/public/js/compiled/timjs26.js" from ["src"]...
notifying browser that file changed:  out/timjs26/core.js
[32mSuccessfully compiled "resources/public/js/compiled/timjs26.js" in 0.478 seconds.[0m
[0mCompiling "resources/public/js/compiled/timjs26.js" from ["src"]...
notifying browser that file changed:  out/timjs26/core.js
[32mSuccessfully compiled "resources/public/js/compiled/timjs26.js" in 0.604 seconds.[0m
[0mCompiling "resources/public/js/compiled/timjs26.js" from ["src"]...
notifying browser that file changed:  out/timjs26/core.js
[32mSuccessfully compiled "resources/public/js/compiled/timjs26.js" in 0.585 seconds.[0m
[0mCompiling "resources/public/js/compiled/timjs26.js" from ["src"]...
notifying browser that file changed:  out/timjs26/core.js
[32mSuccessfully compiled "resources/public/js/compiled/timjs26.js" in 0.38 seconds.[0m
[0mCompiling "resources/public/js/compiled/timjs26.js" from ["src"]...
notifying browser that file changed:  out/timjs26/core.js
[32mSuccessfully compiled "resources/public/js/compiled/timjs26.js" in 0.331 seconds.[0m
[0mCompiling "resources/public/js/compiled/timjs26.js" from ["src"]...
notifying browser that file changed:  out/timjs26/core.js
[32mSuccessfully compiled "resources/public/js/compiled/timjs26.js" in 0.376 seconds.[0m
[0mCompiling "resources/public/js/compiled/timjs26.js" from ["src"]...
WARNING: Use of undeclared Var timjs26.core/x at line 49 src/timjs26/core.cljs
notifying browser that file changed:  out/timjs26/core.js
[32mSuccessfully compiled "resources/public/js/compiled/timjs26.js" in 0.372 seconds.[0m
[0mCompiling "resources/public/js/compiled/timjs26.js" from ["src"]...
notifying browser that file changed:  out/timjs26/core.js
[32mSuccessfully compiled "resources/public/js/compiled/timjs26.js" in 0.313 seconds.[0m
[0mCompiling "resources/public/js/compiled/timjs26.js" from ["src"]...
notifying browser that file changed:  out/timjs26/core.js
[32mSuccessfully compiled "resources/public/js/compiled/timjs26.js" in 0.452 seconds.[0m
[0mCompiling "resources/public/js/compiled/timjs26.js" from ["src"]...
notifying browser that file changed:  out/timjs26/core.js
[32mSuccessfully compiled "resources/public/js/compiled/timjs26.js" in 0.538 seconds.[0m
[0mCompiling "resources/public/js/compiled/timjs26.js" from ["src"]...
[31mCompiling "resources/public/js/compiled/timjs26.js" failed.
[0mjava.lang.AssertionError: No ns form found in src/timjs26/untitled.cljs
 at cljs.analyzer$parse_ns$fn__1924.invoke (analyzer.cljc:2731)
    cljs.analyzer$parse_ns.invoke (analyzer.cljc:2682)
    cljs.analyzer$parse_ns.invoke (analyzer.cljc:2673)
    cljs.compiler$find_source.invoke (compiler.cljc:1389)
    clojure.core$map$fn__4553.invoke (core.clj:2624)
    clojure.lang.LazySeq.sval (LazySeq.java:40)
    clojure.lang.LazySeq.seq (LazySeq.java:49)
    clojure.lang.Cons.next (Cons.java:39)
    clojure.lang.RT.next (RT.java:674)
    clojure.core/next (core.clj:64)
    clojure.core$reduce1.invoke (core.clj:909)
    clojure.core$set.invoke (core.clj:3960)
    cljs.closure$add_dependency_sources.invoke (closure.clj:731)
    cljs.closure$build.invoke (closure.clj:1807)
    cljs.build.api$build.invoke (api.clj:207)
    figwheel_sidecar.components.cljs_autobuild$cljs_build.invoke (cljs_autobuild.clj:24)
    figwheel_sidecar.build_middleware.injection$hook$fn__15892.invoke (injection.clj:139)
    figwheel_sidecar.build_middleware.notifications$hook$fn__16219.invoke (notifications.clj:187)
    figwheel_sidecar.build_middleware.clj_reloading$hook$fn__16295.invoke (clj_reloading.clj:115)
    figwheel_sidecar.build_middleware.javascript_reloading$hook$fn__16341.invoke (javascript_reloading.clj:60)
    figwheel_sidecar.components.cljs_autobuild$eval16356$figwheel_start_and_end_messages__16359$fn__16361.invoke (cljs_autobuild.clj:47)
    figwheel_sidecar.components.cljs_autobuild$execute_build$fn__16382$fn__16383.invoke (cljs_autobuild.clj:116)
    figwheel_sidecar.components.cljs_autobuild$execute_build$fn__16382.invoke (cljs_autobuild.clj:114)
    figwheel_sidecar.utils$sync_exec$fn__1973$fn__1974.invoke (utils.clj:13)
    figwheel_sidecar.utils$sync_exec$fn__1973.invoke (utils.clj:12)
    clojure.core$binding_conveyor_fn$fn__4444.invoke (core.clj:1919)
    clojure.lang.AFn.applyToHelper (AFn.java:154)
    clojure.lang.RestFn.applyTo (RestFn.java:132)
    clojure.lang.Agent$Action.doRun (Agent.java:114)
    clojure.lang.Agent$Action.run (Agent.java:163)
[32mSuccessfully compiled "resources/public/js/compiled/timjs26.js" in 0.04 seconds.[0m
[0mCompiling "resources/public/js/compiled/timjs26.js" from ["src"]...
[32mSuccessfully compiled "resources/public/js/compiled/timjs26.js" in 0.256 seconds.[0m
[0mCompiling "resources/public/js/compiled/timjs26.js" from ["src"]...
notifying browser that file changed:  out/timjs26/core.js
[32mSuccessfully compiled "resources/public/js/compiled/timjs26.js" in 0.472 seconds.[0m
